-- The C compiler identification is GNU 11.4.0
-- The CXX compiler identification is GNU 11.4.0
-- Detecting C compiler ABI info
-- Detecting C compiler ABI info - done
-- Check for working C compiler: /usr/bin/cc - skipped
-- Detecting C compile features
-- Detecting C compile features - done
-- Detecting CXX compiler ABI info
-- Detecting CXX compiler ABI info - done
-- Check for working CXX compiler: /usr/bin/c++ - skipped
-- Detecting CXX compile features
-- Detecting CXX compile features - done
-- Found ament_cmake: 1.3.11 (/opt/ros/humble/share/ament_cmake/cmake)
-- Found Python3: /usr/bin/python3 (found version "3.10.12") found components: Interpreter 
-- Found rclpy: 3.3.16 (/opt/ros/humble/share/rclpy/cmake)
-- Found sensor_msgs: 4.8.0 (/opt/ros/humble/share/sensor_msgs/cmake)
-- Found rosidl_generator_c: 3.1.6 (/opt/ros/humble/share/rosidl_generator_c/cmake)
-- Found rosidl_adapter: 3.1.6 (/opt/ros/humble/share/rosidl_adapter/cmake)
-- Found rosidl_generator_cpp: 3.1.6 (/opt/ros/humble/share/rosidl_generator_cpp/cmake)
-- Using all available rosidl_typesupport_c: rosidl_typesupport_fastrtps_c;rosidl_typesupport_introspection_c
-- Using all available rosidl_typesupport_cpp: rosidl_typesupport_fastrtps_cpp;rosidl_typesupport_introspection_cpp
-- Configuring done
-- Generating done
-- Build files have been written to: /home/mym/ros2_ws/src/right_tech_arm_description/build/right_tech_arm_description
-- Install configuration: ""
-- Installing: /home/mym/ros2_ws/src/right_tech_arm_description/install/right_tech_arm_description/share/right_tech_arm_description/urdf
-- Installing: /home/mym/ros2_ws/src/right_tech_arm_description/install/right_tech_arm_description/share/right_tech_arm_description/urdf/right_arm.urdf
-- Installing: /home/mym/ros2_ws/src/right_tech_arm_description/install/right_tech_arm_description/share/right_tech_arm_description/urdf/both_arm.urdf
-- Installing: /home/mym/ros2_ws/src/right_tech_arm_description/install/right_tech_arm_description/share/right_tech_arm_description/meshes
-- Installing: /home/mym/ros2_ws/src/right_tech_arm_description/install/right_tech_arm_description/share/right_tech_arm_description/meshes/Link6.STL
-- Installing: /home/mym/ros2_ws/src/right_tech_arm_description/install/right_tech_arm_description/share/right_tech_arm_description/meshes/Link2.STL
-- Installing: /home/mym/ros2_ws/src/right_tech_arm_description/install/right_tech_arm_description/share/right_tech_arm_description/meshes/Link4.STL
-- Installing: /home/mym/ros2_ws/src/right_tech_arm_description/install/right_tech_arm_description/share/right_tech_arm_description/meshes/Link7.STL
-- Installing: /home/mym/ros2_ws/src/right_tech_arm_description/install/right_tech_arm_description/share/right_tech_arm_description/meshes/base_link.STL
-- Installing: /home/mym/ros2_ws/src/right_tech_arm_description/install/right_tech_arm_description/share/right_tech_arm_description/meshes/Link5.STL
-- Installing: /home/mym/ros2_ws/src/right_tech_arm_description/install/right_tech_arm_description/share/right_tech_arm_description/meshes/Link3.STL
-- Installing: /home/mym/ros2_ws/src/right_tech_arm_description/install/right_tech_arm_description/share/right_tech_arm_description/meshes/Link1.STL
-- Installing: /home/mym/ros2_ws/src/right_tech_arm_description/install/right_tech_arm_description/share/right_tech_arm_description/launch
-- Installing: /home/mym/ros2_ws/src/right_tech_arm_description/install/right_tech_arm_description/share/right_tech_arm_description/launch/robot_arm_control_launch.py
-- Installing: /home/mym/ros2_ws/src/right_tech_arm_description/install/right_tech_arm_description/share/right_tech_arm_description/launch/robot_description.launch.py
-- Installing: /home/mym/ros2_ws/src/right_tech_arm_description/install/right_tech_arm_description/share/right_tech_arm_description/launch/robot_arm_dual_control.launch.py
-- Installing: /home/mym/ros2_ws/src/right_tech_arm_description/install/right_tech_arm_description/share/right_tech_arm_description/rviz
-- Installing: /home/mym/ros2_ws/src/right_tech_arm_description/install/right_tech_arm_description/lib/right_tech_arm_description/robot_arm_control_node.py
[31mCMake Error at cmake_install.cmake:55 (file):
  file INSTALL cannot find
  "/home/mym/ros2_ws/src/right_tech_arm_description/src/right_tech_arm_description/dual_arm_endpose_controller.py":
  No such file or directory.

[0m
