[0.007s] Invoking command in '/home/mym/ros2_ws/src/right_tech_arm_description/build/right_tech_arm_description': CMAKE_PREFIX_PATH=${CMAKE_PREFIX_PATH}:/opt/ros/humble /usr/bin/cmake /home/mym/ros2_ws/src/right_tech_arm_description -DCMAKE_INSTALL_PREFIX=/home/mym/ros2_ws/src/right_tech_arm_description/install/right_tech_arm_description
[0.044s] -- The C compiler identification is GNU 11.4.0
[0.079s] -- The CXX compiler identification is GNU 11.4.0
[0.084s] -- Detecting C compiler ABI info
[0.129s] -- Detecting C compiler ABI info - done
[0.133s] -- Check for working C compiler: /usr/bin/cc - skipped
[0.134s] -- Detecting C compile features
[0.134s] -- Detecting C compile features - done
[0.136s] -- Detecting CXX compiler ABI info
[0.204s] -- Detecting CXX compiler ABI info - done
[0.208s] -- Check for working CXX compiler: /usr/bin/c++ - skipped
[0.209s] -- Detecting CXX compile features
[0.209s] -- Detecting CXX compile features - done
[0.210s] -- Found ament_cmake: 1.3.11 (/opt/ros/humble/share/ament_cmake/cmake)
[0.301s] -- Found Python3: /usr/bin/python3 (found version "3.10.12") found components: Interpreter 
[0.354s] -- Found rclpy: 3.3.16 (/opt/ros/humble/share/rclpy/cmake)
[0.355s] -- Found sensor_msgs: 4.8.0 (/opt/ros/humble/share/sensor_msgs/cmake)
[0.376s] -- Found rosidl_generator_c: 3.1.6 (/opt/ros/humble/share/rosidl_generator_c/cmake)
[0.378s] -- Found rosidl_adapter: 3.1.6 (/opt/ros/humble/share/rosidl_adapter/cmake)
[0.383s] -- Found rosidl_generator_cpp: 3.1.6 (/opt/ros/humble/share/rosidl_generator_cpp/cmake)
[0.389s] -- Using all available rosidl_typesupport_c: rosidl_typesupport_fastrtps_c;rosidl_typesupport_introspection_c
[0.398s] -- Using all available rosidl_typesupport_cpp: rosidl_typesupport_fastrtps_cpp;rosidl_typesupport_introspection_cpp
[0.468s] -- Configuring done
[0.470s] -- Generating done
[0.471s] -- Build files have been written to: /home/mym/ros2_ws/src/right_tech_arm_description/build/right_tech_arm_description
[0.475s] Invoked command in '/home/mym/ros2_ws/src/right_tech_arm_description/build/right_tech_arm_description' returned '0': CMAKE_PREFIX_PATH=${CMAKE_PREFIX_PATH}:/opt/ros/humble /usr/bin/cmake /home/mym/ros2_ws/src/right_tech_arm_description -DCMAKE_INSTALL_PREFIX=/home/mym/ros2_ws/src/right_tech_arm_description/install/right_tech_arm_description
[0.477s] Invoking command in '/home/mym/ros2_ws/src/right_tech_arm_description/build/right_tech_arm_description': CMAKE_PREFIX_PATH=${CMAKE_PREFIX_PATH}:/opt/ros/humble /usr/bin/cmake --build /home/mym/ros2_ws/src/right_tech_arm_description/build/right_tech_arm_description -- -j20 -l20
[0.504s] Invoked command in '/home/mym/ros2_ws/src/right_tech_arm_description/build/right_tech_arm_description' returned '0': CMAKE_PREFIX_PATH=${CMAKE_PREFIX_PATH}:/opt/ros/humble /usr/bin/cmake --build /home/mym/ros2_ws/src/right_tech_arm_description/build/right_tech_arm_description -- -j20 -l20
[0.515s] Invoking command in '/home/mym/ros2_ws/src/right_tech_arm_description/build/right_tech_arm_description': CMAKE_PREFIX_PATH=${CMAKE_PREFIX_PATH}:/opt/ros/humble /usr/bin/cmake --install /home/mym/ros2_ws/src/right_tech_arm_description/build/right_tech_arm_description
[0.519s] -- Install configuration: ""
[0.519s] -- Installing: /home/mym/ros2_ws/src/right_tech_arm_description/install/right_tech_arm_description/share/right_tech_arm_description/urdf
[0.519s] -- Installing: /home/mym/ros2_ws/src/right_tech_arm_description/install/right_tech_arm_description/share/right_tech_arm_description/urdf/right_arm.urdf
[0.519s] -- Installing: /home/mym/ros2_ws/src/right_tech_arm_description/install/right_tech_arm_description/share/right_tech_arm_description/urdf/both_arm.urdf
[0.519s] -- Installing: /home/mym/ros2_ws/src/right_tech_arm_description/install/right_tech_arm_description/share/right_tech_arm_description/meshes
[0.519s] -- Installing: /home/mym/ros2_ws/src/right_tech_arm_description/install/right_tech_arm_description/share/right_tech_arm_description/meshes/Link6.STL
[0.522s] -- Installing: /home/mym/ros2_ws/src/right_tech_arm_description/install/right_tech_arm_description/share/right_tech_arm_description/meshes/Link2.STL
[0.524s] -- Installing: /home/mym/ros2_ws/src/right_tech_arm_description/install/right_tech_arm_description/share/right_tech_arm_description/meshes/Link4.STL
[0.528s] -- Installing: /home/mym/ros2_ws/src/right_tech_arm_description/install/right_tech_arm_description/share/right_tech_arm_description/meshes/Link7.STL
[0.530s] -- Installing: /home/mym/ros2_ws/src/right_tech_arm_description/install/right_tech_arm_description/share/right_tech_arm_description/meshes/base_link.STL
[0.530s] -- Installing: /home/mym/ros2_ws/src/right_tech_arm_description/install/right_tech_arm_description/share/right_tech_arm_description/meshes/Link5.STL
[0.533s] -- Installing: /home/mym/ros2_ws/src/right_tech_arm_description/install/right_tech_arm_description/share/right_tech_arm_description/meshes/Link3.STL
[0.535s] -- Installing: /home/mym/ros2_ws/src/right_tech_arm_description/install/right_tech_arm_description/share/right_tech_arm_description/meshes/Link1.STL
[0.536s] -- Installing: /home/mym/ros2_ws/src/right_tech_arm_description/install/right_tech_arm_description/share/right_tech_arm_description/launch
[0.537s] -- Installing: /home/mym/ros2_ws/src/right_tech_arm_description/install/right_tech_arm_description/share/right_tech_arm_description/launch/robot_arm_control_launch.py
[0.537s] -- Installing: /home/mym/ros2_ws/src/right_tech_arm_description/install/right_tech_arm_description/share/right_tech_arm_description/launch/robot_description.launch.py
[0.537s] -- Installing: /home/mym/ros2_ws/src/right_tech_arm_description/install/right_tech_arm_description/share/right_tech_arm_description/launch/robot_arm_dual_control.launch.py
[0.537s] -- Installing: /home/mym/ros2_ws/src/right_tech_arm_description/install/right_tech_arm_description/share/right_tech_arm_description/rviz
[0.537s] -- Installing: /home/mym/ros2_ws/src/right_tech_arm_description/install/right_tech_arm_description/lib/right_tech_arm_description/robot_arm_control_node.py
[0.537s] [31mCMake Error at cmake_install.cmake:55 (file):
[0.537s]   file INSTALL cannot find
[0.537s]   "/home/mym/ros2_ws/src/right_tech_arm_description/src/right_tech_arm_description/dual_arm_endpose_controller.py":
[0.537s]   No such file or directory.
[0.537s] 
[0.537s] [0m
[0.538s] Invoked command in '/home/mym/ros2_ws/src/right_tech_arm_description/build/right_tech_arm_description' returned '1': CMAKE_PREFIX_PATH=${CMAKE_PREFIX_PATH}:/opt/ros/humble /usr/bin/cmake --install /home/mym/ros2_ws/src/right_tech_arm_description/build/right_tech_arm_description
