[0.007s] Invoking command in '/home/mym/ros2_ws/src/right_tech_arm_description/build/right_tech_arm_description': CMAKE_PREFIX_PATH=${CMAKE_PREFIX_PATH}:/opt/ros/humble /usr/bin/cmake --build /home/mym/ros2_ws/src/right_tech_arm_description/build/right_tech_arm_description -- -j20 -l20
[0.033s] Invoked command in '/home/mym/ros2_ws/src/right_tech_arm_description/build/right_tech_arm_description' returned '0': CMAKE_PREFIX_PATH=${CMAKE_PREFIX_PATH}:/opt/ros/humble /usr/bin/cmake --build /home/mym/ros2_ws/src/right_tech_arm_description/build/right_tech_arm_description -- -j20 -l20
[0.041s] Invoking command in '/home/mym/ros2_ws/src/right_tech_arm_description/build/right_tech_arm_description': CMAKE_PREFIX_PATH=${CMAKE_PREFIX_PATH}:/opt/ros/humble /usr/bin/cmake --install /home/mym/ros2_ws/src/right_tech_arm_description/build/right_tech_arm_description
[0.049s] -- Install configuration: ""
[0.049s] -- Up-to-date: /home/mym/ros2_ws/src/right_tech_arm_description/install/right_tech_arm_description/share/right_tech_arm_description/urdf
[0.049s] -- Up-to-date: /home/mym/ros2_ws/src/right_tech_arm_description/install/right_tech_arm_description/share/right_tech_arm_description/urdf/right_arm.urdf
[0.049s] -- Up-to-date: /home/mym/ros2_ws/src/right_tech_arm_description/install/right_tech_arm_description/share/right_tech_arm_description/urdf/both_arm.urdf
[0.049s] -- Up-to-date: /home/mym/ros2_ws/src/right_tech_arm_description/install/right_tech_arm_description/share/right_tech_arm_description/meshes
[0.049s] -- Up-to-date: /home/mym/ros2_ws/src/right_tech_arm_description/install/right_tech_arm_description/share/right_tech_arm_description/meshes/Link6.STL
[0.049s] -- Up-to-date: /home/mym/ros2_ws/src/right_tech_arm_description/install/right_tech_arm_description/share/right_tech_arm_description/meshes/Link2.STL
[0.049s] -- Up-to-date: /home/mym/ros2_ws/src/right_tech_arm_description/install/right_tech_arm_description/share/right_tech_arm_description/meshes/Link4.STL
[0.049s] -- Up-to-date: /home/mym/ros2_ws/src/right_tech_arm_description/install/right_tech_arm_description/share/right_tech_arm_description/meshes/Link7.STL
[0.050s] -- Up-to-date: /home/mym/ros2_ws/src/right_tech_arm_description/install/right_tech_arm_description/share/right_tech_arm_description/meshes/base_link.STL
[0.050s] -- Up-to-date: /home/mym/ros2_ws/src/right_tech_arm_description/install/right_tech_arm_description/share/right_tech_arm_description/meshes/Link5.STL
[0.050s] -- Up-to-date: /home/mym/ros2_ws/src/right_tech_arm_description/install/right_tech_arm_description/share/right_tech_arm_description/meshes/Link3.STL
[0.050s] -- Up-to-date: /home/mym/ros2_ws/src/right_tech_arm_description/install/right_tech_arm_description/share/right_tech_arm_description/meshes/Link1.STL
[0.050s] -- Up-to-date: /home/mym/ros2_ws/src/right_tech_arm_description/install/right_tech_arm_description/share/right_tech_arm_description/launch
[0.050s] -- Up-to-date: /home/mym/ros2_ws/src/right_tech_arm_description/install/right_tech_arm_description/share/right_tech_arm_description/launch/robot_arm_control_launch.py
[0.050s] -- Up-to-date: /home/mym/ros2_ws/src/right_tech_arm_description/install/right_tech_arm_description/share/right_tech_arm_description/launch/robot_description.launch.py
[0.050s] -- Up-to-date: /home/mym/ros2_ws/src/right_tech_arm_description/install/right_tech_arm_description/share/right_tech_arm_description/launch/robot_arm_dual_control.launch.py
[0.050s] -- Up-to-date: /home/mym/ros2_ws/src/right_tech_arm_description/install/right_tech_arm_description/share/right_tech_arm_description/rviz
[0.051s] -- Up-to-date: /home/mym/ros2_ws/src/right_tech_arm_description/install/right_tech_arm_description/lib/right_tech_arm_description/robot_arm_control_node.py
[0.051s] [31mCMake Error at cmake_install.cmake:55 (file):
[0.051s]   file INSTALL cannot find
[0.051s]   "/home/mym/ros2_ws/src/right_tech_arm_description/src/right_tech_arm_description/dual_arm_endpose_controller.py":
[0.051s]   No such file or directory.
[0.051s] 
[0.051s] [0m
[0.051s] Invoked command in '/home/mym/ros2_ws/src/right_tech_arm_description/build/right_tech_arm_description' returned '1': CMAKE_PREFIX_PATH=${CMAKE_PREFIX_PATH}:/opt/ros/humble /usr/bin/cmake --install /home/mym/ros2_ws/src/right_tech_arm_description/build/right_tech_arm_description
